0 info it worked if it ends with ok
1 verbose cli [ 'C:\\Program Files (x86)\\nodejs\\\\node.exe',
1 verbose cli   'C:\\Program Files (x86)\\nodejs\\node_modules\\npm\\bin\\npm-cli.js',
1 verbose cli   'i',
1 verbose cli   'node' ]
2 info using npm@2.7.4
3 info using node@v0.12.2
4 verbose node symlink C:\Program Files (x86)\nodejs\\node.exe
5 warn package.json admin@0.0.1 No description
6 warn package.json admin@0.0.1 No repository field.
7 warn package.json admin@0.0.1 No README data
8 warn package.json color-model@0.2.2 No README data
9 warn package.json setimmediate@1.0.5 No README data
10 warn package.json ascii-art-braille@0.0.2 No repository field.
11 warn package.json ascii-art-table@1.0.1 No repository field.
12 warn package.json ascii-art-graph@0.1.1 No repository field.
13 warn package.json ascii-art-image@1.2.2 No repository field.
14 warn package.json buffer@5.7.1 buffer is also the name of a node core module.
15 warn package.json punycode@2.1.1 punycode is also the name of a node core module.
16 warn package.json string_decoder@1.1.1 string_decoder is also the name of a node core module.
17 warn package.json twemoji-parser@12.1.3 No repository field.
18 silly cache add args [ 'node', null ]
19 verbose cache add spec node
20 silly cache add parsed spec { raw: 'node',
20 silly cache add   scope: null,
20 silly cache add   name: 'node',
20 silly cache add   rawSpec: '',
20 silly cache add   spec: '*',
20 silly cache add   type: 'range' }
21 verbose addNamed node@*
22 silly addNamed semver.valid null
23 silly addNamed semver.validRange *
24 silly addNameRange { name: 'node', range: '*', hasData: false }
25 silly mapToRegistry name node
26 silly mapToRegistry using default registry
27 silly mapToRegistry registry https://registry.npmjs.org/
28 silly mapToRegistry uri https://registry.npmjs.org/node
29 verbose addNameRange registry:https://registry.npmjs.org/node not in flight; fetching
30 verbose request uri https://registry.npmjs.org/node
31 verbose request no auth needed
32 info attempt registry request try #1 at 8:12:24 PM
33 verbose request id c4d1c9460d26284b
34 http request GET https://registry.npmjs.org/node
35 http 200 https://registry.npmjs.org/node
36 silly get cb [ 200,
36 silly get   { date: 'Tue, 22 Dec 2020 16:42:27 GMT',
36 silly get     'content-type': 'application/json',
36 silly get     'transfer-encoding': 'chunked',
36 silly get     connection: 'keep-alive',
36 silly get     'set-cookie': [ '__cfduid=d40bbf6939561f72d4b11b9a7ddfc53641608655347; expires=Thu, 21-Jan-21 16:42:27 GMT; path=/; domain=.npmjs.org; HttpOnly; SameSite=Lax' ],
36 silly get     'cf-ray': '605b4bd3dfe22bca-FRA',
36 silly get     age: '1940',
36 silly get     'cache-control': 'public, max-age=300',
36 silly get     etag: 'W/"aeb35935b8c60fc7ea16004fd43d1372"',
36 silly get     'last-modified': 'Thu, 17 Dec 2020 03:41:30 GMT',
36 silly get     vary: 'accept-encoding, accept',
36 silly get     'cf-cache-status': 'HIT',
36 silly get     'cf-request-id': '072cedb86500002bca9e808000000001',
36 silly get     'expect-ct': 'max-age=604800, report-uri="https://report-uri.cloudflare.com/cdn-cgi/beacon/expect-ct"',
36 silly get     server: 'cloudflare',
36 silly get     'content-encoding': 'gzip' } ]
37 verbose get saving node to C:\Users\Parsa\AppData\Roaming\npm-cache\registry.npmjs.org\node\.cache.json
38 silly addNameRange number 2 { name: 'node', range: '*', hasData: true }
39 silly addNameRange versions [ 'node',
39 silly addNameRange   [ '0.0.0',
39 silly addNameRange     '0.1.14',
39 silly addNameRange     '0.1.15',
39 silly addNameRange     '0.1.16',
39 silly addNameRange     '0.1.17',
39 silly addNameRange     '0.1.18',
39 silly addNameRange     '0.1.19',
39 silly addNameRange     '0.1.20',
39 silly addNameRange     '0.1.21',
39 silly addNameRange     '0.1.22',
39 silly addNameRange     '0.1.23',
39 silly addNameRange     '0.1.24',
39 silly addNameRange     '0.1.25',
39 silly addNameRange     '0.1.26',
39 silly addNameRange     '0.1.27',
39 silly addNameRange     '0.1.28',
39 silly addNameRange     '0.1.29',
39 silly addNameRange     '0.1.30',
39 silly addNameRange     '0.1.31',
39 silly addNameRange     '0.1.32',
39 silly addNameRange     '0.1.33',
39 silly addNameRange     '0.1.90',
39 silly addNameRange     '0.1.91',
39 silly addNameRange     '0.1.92',
39 silly addNameRange     '0.1.93',
39 silly addNameRange     '0.1.94',
39 silly addNameRange     '0.1.95',
39 silly addNameRange     '0.1.96',
39 silly addNameRange     '0.1.97',
39 silly addNameRange     '0.1.98',
39 silly addNameRange     '0.1.99',
39 silly addNameRange     '0.1.100',
39 silly addNameRange     '0.1.101',
39 silly addNameRange     '0.1.102',
39 silly addNameRange     '0.1.103',
39 silly addNameRange     '0.1.104',
39 silly addNameRange     '0.2.0',
39 silly addNameRange     '0.2.1',
39 silly addNameRange     '0.2.2',
39 silly addNameRange     '0.2.3',
39 silly addNameRange     '0.2.4',
39 silly addNameRange     '0.2.5',
39 silly addNameRange     '0.2.6',
39 silly addNameRange     '0.3.0',
39 silly addNameRange     '0.3.1',
39 silly addNameRange     '0.3.2',
39 silly addNameRange     '0.3.3',
39 silly addNameRange     '0.3.4',
39 silly addNameRange     '0.3.5',
39 silly addNameRange     '0.3.6',
39 silly addNameRange     '0.3.7',
39 silly addNameRange     '0.3.8',
39 silly addNameRange     '0.4.0',
39 silly addNameRange     '0.4.1',
39 silly addNameRange     '0.4.2',
39 silly addNameRange     '0.4.3',
39 silly addNameRange     '0.4.4',
39 silly addNameRange     '0.4.5',
39 silly addNameRange     '0.4.6',
39 silly addNameRange     '0.4.7',
39 silly addNameRange     '0.4.8',
39 silly addNameRange     '0.4.9',
39 silly addNameRange     '0.4.10',
39 silly addNameRange     '0.4.11',
39 silly addNameRange     '0.4.12',
39 silly addNameRange     '0.5.0',
39 silly addNameRange     '0.5.1',
39 silly addNameRange     '0.5.2',
39 silly addNameRange     '0.5.3',
39 silly addNameRange     '0.5.4',
39 silly addNameRange     '0.5.5',
39 silly addNameRange     '0.5.6',
39 silly addNameRange     '0.5.7',
39 silly addNameRange     '0.5.8',
39 silly addNameRange     '0.5.9',
39 silly addNameRange     '0.5.10',
39 silly addNameRange     '0.6.0',
39 silly addNameRange     '0.6.1',
39 silly addNameRange     '0.6.2',
39 silly addNameRange     '0.6.3',
39 silly addNameRange     '0.6.4',
39 silly addNameRange     '0.6.5',
39 silly addNameRange     '0.6.6',
39 silly addNameRange     '0.6.7',
39 silly addNameRange     '0.6.8',
39 silly addNameRange     '0.6.9',
39 silly addNameRange     '0.6.10',
39 silly addNameRange     '0.6.11',
39 silly addNameRange     '0.6.12',
39 silly addNameRange     '0.6.13',
39 silly addNameRange     '0.6.14',
39 silly addNameRange     '0.6.15',
39 silly addNameRange     '0.6.16',
39 silly addNameRange     '0.6.17',
39 silly addNameRange     '0.6.18',
39 silly addNameRange     '0.6.19',
39 silly addNameRange     '0.6.20',
39 silly addNameRange     '0.6.21',
39 silly addNameRange     '0.7.0',
39 silly addNameRange     '0.7.1',
39 silly addNameRange     '0.7.2',
39 silly addNameRange     '0.7.3',
39 silly addNameRange     '0.7.4',
39 silly addNameRange     '0.7.5',
39 silly addNameRange     '0.7.6',
39 silly addNameRange     '0.7.7',
39 silly addNameRange     '0.7.8',
39 silly addNameRange     '0.7.9',
39 silly addNameRange     '0.7.10',
39 silly addNameRange     '0.7.11',
39 silly addNameRange     '0.7.12',
39 silly addNameRange     '0.8.0',
39 silly addNameRange     '0.8.1',
39 silly addNameRange     '0.8.2',
39 silly addNameRange     '0.8.3',
39 silly addNameRange     '0.8.4',
39 silly addNameRange     '0.8.5',
39 silly addNameRange     '0.8.6',
39 silly addNameRange     '0.8.7',
39 silly addNameRange     '0.8.8',
39 silly addNameRange     '0.8.9',
39 silly addNameRange     '0.8.10',
39 silly addNameRange     '0.8.11',
39 silly addNameRange     '0.8.12',
39 silly addNameRange     '0.8.13',
39 silly addNameRange     '0.8.14',
39 silly addNameRange     '0.8.15',
39 silly addNameRange     '0.8.16',
39 silly addNameRange     '0.8.17',
39 silly addNameRange     '0.8.18',
39 silly addNameRange     '0.8.19',
39 silly addNameRange     '0.8.20',
39 silly addNameRange     '0.8.21',
39 silly addNameRange     '0.8.22',
39 silly addNameRange     '0.8.23',
39 silly addNameRange     '0.8.24',
39 silly addNameRange     '0.8.25',
39 silly addNameRange     '0.8.26',
39 silly addNameRange     '0.8.27',
39 silly addNameRange     '0.8.28',
39 silly addNameRange     '0.9.0',
39 silly addNameRange     '0.9.1',
39 silly addNameRange     '0.9.2',
39 silly addNameRange     '0.9.3',
39 silly addNameRange     '0.9.4',
39 silly addNameRange     '0.9.5',
39 silly addNameRange     '0.9.6',
39 silly addNameRange     '0.9.7',
39 silly addNameRange     '0.9.8',
39 silly addNameRange     '0.9.9',
39 silly addNameRange     '0.9.10',
39 silly addNameRange     '0.9.11',
39 silly addNameRange     '0.9.12',
39 silly addNameRange     '0.10.0',
39 silly addNameRange     '0.10.1',
39 silly addNameRange     '0.10.2',
39 silly addNameRange     '0.10.3',
39 silly addNameRange     '0.10.4',
39 silly addNameRange     '0.10.5',
39 silly addNameRange     '0.10.6',
39 silly addNameRange     '0.10.7',
39 silly addNameRange     '0.10.8',
39 silly addNameRange     '0.10.9',
39 silly addNameRange     '0.10.10',
39 silly addNameRange     '0.10.11',
39 silly addNameRange     '0.10.12',
39 silly addNameRange     '0.10.13',
39 silly addNameRange     '0.10.14',
39 silly addNameRange     '0.10.15',
39 silly addNameRange     '0.10.16',
39 silly addNameRange     '0.10.17',
39 silly addNameRange     '0.10.18',
39 silly addNameRange     '0.10.19',
39 silly addNameRange     '0.10.20',
39 silly addNameRange     '0.10.21',
39 silly addNameRange     '0.10.22',
39 silly addNameRange     '0.10.23',
39 silly addNameRange     '0.10.24',
39 silly addNameRange     '0.10.25',
39 silly addNameRange     '0.10.26',
39 silly addNameRange     '0.10.27',
39 silly addNameRange     '0.10.28',
39 silly addNameRange     '0.10.29',
39 silly addNameRange     '0.10.30',
39 silly addNameRange     '0.10.31',
39 silly addNameRange     '0.10.32',
39 silly addNameRange     '0.10.33',
39 silly addNameRange     '0.10.34',
39 silly addNameRange     '0.10.35',
39 silly addNameRange     '0.10.36',
39 silly addNameRange     '0.10.37',
39 silly addNameRange     '0.10.38',
39 silly addNameRange     '0.10.39',
39 silly addNameRange     '0.10.40',
39 silly addNameRange     '0.10.41',
39 silly addNameRange     '0.10.42',
39 silly addNameRange     '0.10.43',
39 silly addNameRange     '0.10.44',
39 silly addNameRange     '0.10.45',
39 silly addNameRange     '0.10.46',
39 silly addNameRange     '0.10.47',
39 silly addNameRange     '0.10.48',
39 silly addNameRange     '0.11.0',
39 silly addNameRange     '0.11.1',
39 silly addNameRange     '0.11.2',
39 silly addNameRange     '0.11.3',
39 silly addNameRange     '0.11.4',
39 silly addNameRange     '0.11.5',
39 silly addNameRange     '0.11.6',
39 silly addNameRange     '0.11.7',
39 silly addNameRange     '0.11.8',
39 silly addNameRange     '0.11.9',
39 silly addNameRange     '0.11.10',
39 silly addNameRange     '0.11.11',
39 silly addNameRange     '0.11.12',
39 silly addNameRange     '0.11.13',
39 silly addNameRange     '0.11.14',
39 silly addNameRange     '0.11.15',
39 silly addNameRange     '0.11.16',
39 silly addNameRange     '0.12.0',
39 silly addNameRange     '0.12.1',
39 silly addNameRange     '0.12.2',
39 silly addNameRange     '0.12.3',
39 silly addNameRange     '0.12.4',
39 silly addNameRange     '0.12.5',
39 silly addNameRange     '0.12.6',
39 silly addNameRange     '0.12.7',
39 silly addNameRange     '0.12.8',
39 silly addNameRange     '0.12.9',
39 silly addNameRange     '0.12.10',
39 silly addNameRange     '0.12.11',
39 silly addNameRange     '0.12.12',
39 silly addNameRange     '0.12.13',
39 silly addNameRange     '0.12.14',
39 silly addNameRange     '0.12.15',
39 silly addNameRange     '0.12.16',
39 silly addNameRange     '0.12.17',
39 silly addNameRange     '0.12.18',
39 silly addNameRange     '4.0.0',
39 silly addNameRange     '4.1.0',
39 silly addNameRange     '4.1.1',
39 silly addNameRange     '4.1.2',
39 silly addNameRange     '4.2.0',
39 silly addNameRange     '4.2.1',
39 silly addNameRange     '4.2.2',
39 silly addNameRange     '4.2.3',
39 silly addNameRange     '4.2.4',
39 silly addNameRange     '4.2.5',
39 silly addNameRange     '4.2.6',
39 silly addNameRange     '4.3.0',
39 silly addNameRange     '4.3.1',
39 silly addNameRange     '4.3.2',
39 silly addNameRange     '4.4.0',
39 silly addNameRange     '4.4.1',
39 silly addNameRange     '4.4.2',
39 silly addNameRange     '4.4.3',
39 silly addNameRange     '4.4.4',
39 silly addNameRange     '4.4.5',
39 silly addNameRange     '4.4.6',
39 silly addNameRange     '4.4.7',
39 silly addNameRange     '4.5.0',
39 silly addNameRange     '4.6.0',
39 silly addNameRange     '4.6.1',
39 silly addNameRange     '4.6.2',
39 silly addNameRange     '4.7.0',
39 silly addNameRange     '4.7.1',
39 silly addNameRange     '4.7.2',
39 silly addNameRange     '4.7.3',
39 silly addNameRange     '4.8.0',
39 silly addNameRange     '4.8.1',
39 silly addNameRange     '4.8.2',
39 silly addNameRange     '4.8.3',
39 silly addNameRange     '4.8.4',
39 silly addNameRange     '5.0.0',
39 silly addNameRange     '5.1.0',
39 silly addNameRange     '5.1.1',
39 silly addNameRange     '5.2.0',
39 silly addNameRange     '5.3.0',
39 silly addNameRange     '5.4.0',
39 silly addNameRange     '5.4.1',
39 silly addNameRange     '5.5.0',
39 silly addNameRange     '5.6.0',
39 silly addNameRange     '5.7.0',
39 silly addNameRange     '5.7.1',
39 silly addNameRange     '5.8.0',
39 silly addNameRange     '5.9.0',
39 silly addNameRange     '5.9.1',
39 silly addNameRange     '5.10.0',
39 silly addNameRange     '5.10.1',
39 silly addNameRange     '5.11.0',
39 silly addNameRange     '5.11.1',
39 silly addNameRange     '5.12.0',
39 silly addNameRange     '6.0.0',
39 silly addNameRange     '6.1.0',
39 silly addNameRange     '6.2.0',
39 silly addNameRange     '6.2.1',
39 silly addNameRange     '6.2.2',
39 silly addNameRange     '6.3.0',
39 silly addNameRange     '6.3.1',
39 silly addNameRange     '6.4.0',
39 silly addNameRange     '6.5.0',
39 silly addNameRange     '6.6.0',
39 silly addNameRange     '6.7.0',
39 silly addNameRange     '6.8.0',
39 silly addNameRange     '6.8.1',
39 silly addNameRange     '6.9.0',
39 silly addNameRange     '6.9.1',
39 silly addNameRange     '6.9.2',
39 silly addNameRange     '6.9.3',
39 silly addNameRange     '6.9.4',
39 silly addNameRange     '6.9.5',
39 silly addNameRange     '6.10.0',
39 silly addNameRange     '6.10.1',
39 silly addNameRange     '6.10.2',
39 silly addNameRange     '6.10.3',
39 silly addNameRange     '6.11.0',
39 silly addNameRange     '6.11.1',
39 silly addNameRange     '7.0.0',
39 silly addNameRange     '7.1.0',
39 silly addNameRange     '7.2.0',
39 silly addNameRange     '7.2.1',
39 silly addNameRange     '7.3.0',
39 silly addNameRange     '7.4.0',
39 silly addNameRange     '7.5.0',
39 silly addNameRange     '7.6.0',
39 silly addNameRange     '7.7.0',
39 silly addNameRange     '7.7.1',
39 silly addNameRange     '7.7.2',
39 silly addNameRange     '7.7.3',
39 silly addNameRange     '7.7.4',
39 silly addNameRange     '7.8.0',
39 silly addNameRange     '7.9.0',
39 silly addNameRange     '7.10.0',
39 silly addNameRange     '7.10.1',
39 silly addNameRange     '8.0.0',
39 silly addNameRange     '8.1.0',
39 silly addNameRange     '8.1.1',
39 silly addNameRange     '8.1.2',
39 silly addNameRange     '8.1.3',
39 silly addNameRange     '8.1.4',
39 silly addNameRange     '8.2.0',
39 silly addNameRange     '8.2.1',
39 silly addNameRange     '8.3.0',
39 silly addNameRange     '8.4.0',
39 silly addNameRange     '8.5.0',
39 silly addNameRange     '8.6.0',
39 silly addNameRange     '8.7.0',
39 silly addNameRange     '8.8.0',
39 silly addNameRange     '8.8.1',
39 silly addNameRange     '8.9.0',
39 silly addNameRange     '9.0.0',
39 silly addNameRange     '4.8.6',
39 silly addNameRange     '6.12.0',
39 silly addNameRange     '9.1.0',
39 silly addNameRange     '9.2.0',
39 silly addNameRange     '8.9.1',
39 silly addNameRange     '6.12.1',
39 silly addNameRange     '8.9.2',
39 silly addNameRange     '4.8.7',
39 silly addNameRange     '6.12.2',
39 silly addNameRange     '9.3.0',
39 silly addNameRange     '8.9.4',
39 silly addNameRange     '6.12.3',
39 silly addNameRange     '9.4.0',
39 silly addNameRange     '9.5.0',
39 silly addNameRange     '6.13.0',
39 silly addNameRange     '9.7.0',
39 silly addNameRange     '9.6.0',
39 silly addNameRange     '9.6.1',
39 silly addNameRange     '8.10.0',
39 silly addNameRange     '9.8.0',
39 silly addNameRange     '9.9.0',
39 silly addNameRange     '8.11.0',
39 silly addNameRange     '6.14.0',
39 silly addNameRange     '4.9.0',
39 silly addNameRange     '9.10.0',
39 silly addNameRange     '8.11.1',
39 silly addNameRange     '4.9.1',
39 silly addNameRange     '6.14.1',
39 silly addNameRange     '9.10.1',
39 silly addNameRange     '9.11.0',
39 silly addNameRange     '10.0.0',
39 silly addNameRange     '6.14.2',
39 silly addNameRange     '6.11.5',
39 silly addNameRange     '8.11.2',
39 silly addNameRange     '10.1.0',
39 silly addNameRange     '10.2.0',
39 silly addNameRange     '10.3.0',
39 silly addNameRange     '10.4.0',
39 silly addNameRange     '8.11.3',
39 silly addNameRange     '6.14.3',
39 silly addNameRange     '9.11.2',
39 silly addNameRange     '10.4.1',
39 silly addNameRange     '10.5.0',
39 silly addNameRange     '10.6.0',
39 silly addNameRange     '10.7.0',
39 silly addNameRange     '10.8.0',
39 silly addNameRange     '8.11.4',
39 silly addNameRange     '10.9.0',
39 silly addNameRange     '6.14.4',
39 silly addNameRange     '10.10.0',
39 silly addNameRange     '8.12.0',
39 silly addNameRange     '10.11.0',
39 silly addNameRange     '10.12.0',
39 silly addNameRange     '11.0.0',
39 silly addNameRange     '10.13.0',
39 silly addNameRange     '11.1.0',
39 silly addNameRange     '8.13.0',
39 silly addNameRange     '11.2.0',
39 silly addNameRange     '6.15.1',
39 silly addNameRange     '8.14.0',
39 silly addNameRange     '10.14.0',
39 silly addNameRange     '11.3.0',
39 silly addNameRange     '11.4.0',
39 silly addNameRange     '10.14.1',
39 silly addNameRange     '11.5.0',
39 silly addNameRange     '8.14.1',
39 silly addNameRange     '10.14.2',
39 silly addNameRange     '11.6.0',
39 silly addNameRange     '10.15.0',
39 silly addNameRange     '8.15.0',
39 silly addNameRange     '6.16.0',
39 silly addNameRange     '11.7.0',
39 silly addNameRange     '11.8.0',
39 silly addNameRange     '10.15.1',
39 silly addNameRange     '11.9.0',
39 silly addNameRange     '11.10.0',
39 silly addNameRange     '6.17.0',
39 silly addNameRange     '8.15.1',
39 silly addNameRange     '10.15.2',
39 silly addNameRange     '10.15.3',
39 silly addNameRange     '11.11.0',
39 silly addNameRange     '11.12.0',
39 silly addNameRange     '11.13.0',
39 silly addNameRange     '6.17.1',
39 silly addNameRange     '11.14.0',
39 silly addNameRange     '12.0.0',
39 silly addNameRange     '8.16.0',
39 silly addNameRange     '12.1.0',
39 silly addNameRange     '11.15.0',
39 silly addNameRange     '12.2.0',
39 silly addNameRange     '12.3.0',
39 silly addNameRange     '12.3.1',
39 silly addNameRange     '10.16.0',
39 silly addNameRange     '12.4.0',
39 silly addNameRange     '12.5.0',
39 silly addNameRange     '12.6.0',
39 silly addNameRange     '12.7.0',
39 silly addNameRange     '10.16.1',
39 silly addNameRange     '10.16.2',
39 silly addNameRange     '12.8.0',
39 silly addNameRange     '10.16.3',
39 silly addNameRange     '8.16.1',
39 silly addNameRange     '12.8.1',
39 silly addNameRange     '12.9.0',
39 silly addNameRange     '12.9.1',
39 silly addNameRange     '12.10.0',
39 silly addNameRange     '12.11.0',
39 silly addNameRange     '12.11.1',
39 silly addNameRange     '8.16.2',
39 silly addNameRange     '12.12.0',
39 silly addNameRange     '12.13.0',
39 silly addNameRange     '13.0.0',
39 silly addNameRange     '10.17.0',
39 silly addNameRange     '13.0.1',
39 silly addNameRange     '13.1.0',
39 silly addNameRange     '13.2.0',
39 silly addNameRange     '13.3.0',
39 silly addNameRange     '12.13.1',
39 silly addNameRange     '8.17.0',
39 silly addNameRange     '10.18.0',
39 silly addNameRange     '12.14.0',
39 silly addNameRange     '13.4.0',
39 silly addNameRange     '13.5.0',
39 silly addNameRange     '12.14.1',
39 silly addNameRange     '13.6.0',
39 silly addNameRange     '10.18.1',
39 silly addNameRange     '13.7.0',
39 silly addNameRange     '10.19.0',
39 silly addNameRange     '12.15.0',
39 silly addNameRange     '13.8.0',
39 silly addNameRange     '12.16.0',
39 silly addNameRange     '12.16.1',
39 silly addNameRange     '13.9.0',
39 silly addNameRange     '13.10.0',
39 silly addNameRange     '13.10.1',
39 silly addNameRange     '13.11.0',
39 silly addNameRange     '13.12.0',
39 silly addNameRange     '10.20.0',
39 silly addNameRange     '12.16.2',
39 silly addNameRange     '10.20.1',
39 silly addNameRange     '13.13.0',
39 silly addNameRange     '14.0.0',
39 silly addNameRange     '12.16.3',
39 silly addNameRange     '13.14.0',
39 silly addNameRange     '14.1.0',
39 silly addNameRange     '14.2.0',
39 silly addNameRange     '14.3.0',
39 silly addNameRange     '12.17.0',
39 silly addNameRange     '10.21.0',
39 silly addNameRange     '12.18.0',
39 silly addNameRange     '14.4.0',
39 silly addNameRange     '12.18.1',
39 silly addNameRange     '14.5.0',
39 silly addNameRange     '12.18.2',
39 silly addNameRange     '10.22.0',
39 silly addNameRange     '14.6.0',
39 silly addNameRange     '12.18.3',
39 silly addNameRange     '14.7.0',
39 silly addNameRange     '14.8.0',
39 silly addNameRange     '14.9.0',
39 silly addNameRange     '14.10.0',
39 silly addNameRange     '14.10.1',
39 silly addNameRange     '10.22.1',
39 silly addNameRange     '12.18.4',
39 silly addNameRange     '14.11.0',
39 silly addNameRange     '14.12.0',
39 silly addNameRange     '14.13.0',
39 silly addNameRange     '14.13.1',
39 silly addNameRange     '12.19.0',
39 silly addNameRange     '14.14.0',
39 silly addNameRange     '15.0.0',
39 silly addNameRange     '15.0.1',
39 silly addNameRange     '14.15.0',
39 silly addNameRange     '10.23.0',
39 silly addNameRange     '15.1.0',
39 silly addNameRange     '15.2.0',
39 silly addNameRange     '12.19.1',
39 silly addNameRange     '14.15.1',
39 silly addNameRange     '15.2.1',
39 silly addNameRange     '15.3.0',
39 silly addNameRange     '12.20.0',
39 silly addNameRange     '15.4.0',
39 silly addNameRange     '14.15.2' ] ]
40 verbose addNamed node@15.4.0
41 silly addNamed semver.valid 15.4.0
42 silly addNamed semver.validRange 15.4.0
43 silly mapToRegistry name node
44 silly mapToRegistry using default registry
45 silly mapToRegistry registry https://registry.npmjs.org/
46 silly mapToRegistry uri https://registry.npmjs.org/node
47 verbose addRemoteTarball https://registry.npmjs.org/node/-/node-15.4.0.tgz not in flight; adding
48 verbose addRemoteTarball [ 'https://registry.npmjs.org/node/-/node-15.4.0.tgz',
48 verbose addRemoteTarball   '70b1f8898b0ba0f05d5711ca5b754377c8e3f9d8' ]
49 info retry fetch attempt 1 at 8:12:28 PM
50 info attempt registry request try #1 at 8:12:28 PM
51 http fetch GET https://registry.npmjs.org/node/-/node-15.4.0.tgz
52 http fetch 200 https://registry.npmjs.org/node/-/node-15.4.0.tgz
53 silly fetchAndShaCheck shasum 70b1f8898b0ba0f05d5711ca5b754377c8e3f9d8
54 verbose addTmpTarball C:\Users\Parsa\AppData\Local\Temp\npm-9488-4d438208\registry.npmjs.org\node\-\node-15.4.0.tgz not in flight; adding
55 verbose addTmpTarball already have metadata; skipping unpack for node@15.4.0
56 silly cache afterAdd node@15.4.0
57 verbose afterAdd C:\Users\Parsa\AppData\Roaming\npm-cache\node\15.4.0\package\package.json not in flight; writing
58 verbose afterAdd C:\Users\Parsa\AppData\Roaming\npm-cache\node\15.4.0\package\package.json written
59 silly install resolved [ { name: 'node',
59 silly install resolved     version: '15.4.0',
59 silly install resolved     description: 'node',
59 silly install resolved     main: 'index.js',
59 silly install resolved     keywords: [ 'runtime' ],
59 silly install resolved     repository:
59 silly install resolved      { type: 'git',
59 silly install resolved        url: 'git+https://github.com/aredridel/node-bin-gen.git' },
59 silly install resolved     scripts: { preinstall: 'node installArchSpecificPackage' },
59 silly install resolved     bin: { node: 'bin/node' },
59 silly install resolved     dependencies: { 'node-bin-setup': '^1.0.0' },
59 silly install resolved     license: 'ISC',
59 silly install resolved     author: '',
59 silly install resolved     engines: { npm: '>=5.0.0' },
59 silly install resolved     bugs: { url: 'https://github.com/aredridel/node-bin-gen/issues' },
59 silly install resolved     homepage: 'https://github.com/aredridel/node-bin-gen#readme',
59 silly install resolved     _id: 'node@15.4.0',
59 silly install resolved     _nodeVersion: '14.13.1',
59 silly install resolved     _npmVersion: '6.14.8',
59 silly install resolved     dist:
59 silly install resolved      { integrity: 'sha512-5U2brpLFBE58pAEwbTD+QRUomMomtdeONZFwJcf0j2Cljj+vb6BecP9vDEKAY/r1XEsnjz9eaKjMfVms8dGKRA==',
59 silly install resolved        shasum: '70b1f8898b0ba0f05d5711ca5b754377c8e3f9d8',
59 silly install resolved        tarball: 'https://registry.npmjs.org/node/-/node-15.4.0.tgz',
59 silly install resolved        fileCount: 3,
59 silly install resolved        unpackedSize: 1483,
59 silly install resolved        'npm-signature': '-----BEGIN PGP SIGNATURE-----\r\nVersion: OpenPGP.js v3.0.13\r\nComment: https://openpgpjs.org\r\n\r\nwsFcBAEBCAAQBQJf1SfCCRA9TVsSAnZWagAARQkQAISHThKeDgCeBHKpzF69\nbY3owIbRRFvC2Rf5tVns2DfUKcLNvSVeFPLqD1yfmBICuy/02X0ocz2m4r1l\n7u0Pl/KnJ5Iy/HiE14NL1QaSWib8mwnZ6EC0nrujMSrikoKkXK4ZNOfv1J1m\ndKmwcp+OQJKd92ho2XkIC+1jW86FhgIXR7HNKKUYGih5YwfT3SRB27EbQ0ny\nWkdIdupiHVBb7Rb0ddeI0RNGUIK8dx4hF/hQjcXcyjjB1d9dpP2+FGLD+tra\nSTCZdDA7anEXAdBIjtw52aTqXBoBDZgA8cOuheNTI8N66WlXdAEnrptnHw2K\nhQ6n5pJMKpaYQls0eKmkscPOyoTFYhX2q0dksCm1nMSr1JQLdHxUiq/2krU4\nSkOEE4d0pKuq8OqTsafYaEx9OUc2Byacq+CGFG1RogBMTMVJUvVtbEEdP8N1\nykzrHVXfDL4L/ctDIY++2FSgRzkduw/JncUnRvM44hzz05QiSvgGx6ylqvi6\nQia0PeQJKYRDy4xPocug090MZc3cw/46Xq5gbIclqnbbLfTws+rb1AbqTDGE\n7dOWICB+kLmNZO17R/GGKNSuNgwHlsA6AxvGRFxIyM9fEVxxJNJT5C1HNqFZ\nIIzBokCrN9zSSWCI9wgV/cNH06UnsCukWI6orp1T79FayhaiuxClz6scxjd4\nJyw4\r\n=GPRa\r\n-----END PGP SIGNATURE-----\r\n' },
59 silly install resolved     _npmUser: { name: 'aredridel', email: 'aredridel@dinhe.net' },
59 silly install resolved     directories: {},
59 silly install resolved     maintainers: [ [Object], [Object] ],
59 silly install resolved     _npmOperationalInternal:
59 silly install resolved      { host: 's3://npm-registry-packages',
59 silly install resolved        tmp: 'tmp/node_15.4.0_1607804866282_0.4831987743941979' },
59 silly install resolved     _hasShrinkwrap: false,
59 silly install resolved     _shasum: '70b1f8898b0ba0f05d5711ca5b754377c8e3f9d8',
59 silly install resolved     _resolved: 'https://registry.npmjs.org/node/-/node-15.4.0.tgz',
59 silly install resolved     _from: 'node@*' } ]
60 info install node@15.4.0 into E:\Ririchiyo
61 info installOne node@15.4.0
62 verbose installOne of node to E:\Ririchiyo not in flight; installing
63 verbose lock using C:\Users\Parsa\AppData\Roaming\npm-cache\_locks\node-f40ce9a4bd5eb45d.lock for E:\Ririchiyo\node_modules\node
64 warn engine node@15.4.0: wanted: {"npm":">=5.0.0"} (current: {"node":"0.12.2","npm":"2.7.4"})
65 silly install write writing node 15.4.0 to E:\Ririchiyo\node_modules\node
66 silly cache addNamed cb node@15.4.0
67 verbose unbuild node_modules\node
68 silly gentlyRm E:\Ririchiyo\node_modules\node is being purged from base E:\Ririchiyo
69 verbose gentlyRm don't care about contents; nuking E:\Ririchiyo\node_modules\node
70 verbose tar unpack C:\Users\Parsa\AppData\Roaming\npm-cache\node\15.4.0\package.tgz
71 verbose tar unpacking to E:\Ririchiyo\node_modules\node
72 silly gentlyRm E:\Ririchiyo\node_modules\node is being purged
73 verbose gentlyRm don't care about contents; nuking E:\Ririchiyo\node_modules\node
74 silly gunzTarPerm modes [ '777', '666' ]
75 silly gunzTarPerm extractEntry installArchSpecificPackage.js
76 silly gunzTarPerm modified mode [ 'installArchSpecificPackage.js', 420, 438 ]
77 silly gunzTarPerm extractEntry package.json
78 silly gunzTarPerm modified mode [ 'package.json', 420, 438 ]
79 silly gunzTarPerm extractEntry README.md
80 silly gunzTarPerm modified mode [ 'README.md', 420, 438 ]
81 info preinstall node@15.4.0
82 verbose unsafe-perm in lifecycle true
83 info node@15.4.0 Failed to exec preinstall script
84 verbose unlock done using C:\Users\Parsa\AppData\Roaming\npm-cache\_locks\node-f40ce9a4bd5eb45d.lock for E:\Ririchiyo\node_modules\node
85 verbose stack Error: node@15.4.0 preinstall: `node installArchSpecificPackage`
85 verbose stack Exit status 1
85 verbose stack     at EventEmitter.<anonymous> (C:\Program Files (x86)\nodejs\node_modules\npm\lib\utils\lifecycle.js:213:16)
85 verbose stack     at EventEmitter.emit (events.js:110:17)
85 verbose stack     at ChildProcess.<anonymous> (C:\Program Files (x86)\nodejs\node_modules\npm\lib\utils\spawn.js:14:12)
85 verbose stack     at ChildProcess.emit (events.js:110:17)
85 verbose stack     at maybeClose (child_process.js:1015:16)
85 verbose stack     at Process.ChildProcess._handle.onexit (child_process.js:1087:5)
86 verbose pkgid node@15.4.0
87 verbose cwd E:\Ririchiyo
88 error Windows_NT 6.3.9600
89 error argv "C:\\Program Files (x86)\\nodejs\\\\node.exe" "C:\\Program Files (x86)\\nodejs\\node_modules\\npm\\bin\\npm-cli.js" "i" "node"
90 error node v0.12.2
91 error npm  v2.7.4
92 error code ELIFECYCLE
93 error node@15.4.0 preinstall: `node installArchSpecificPackage`
93 error Exit status 1
94 error Failed at the node@15.4.0 preinstall script 'node installArchSpecificPackage'.
94 error This is most likely a problem with the node package,
94 error not with npm itself.
94 error Tell the author that this fails on your system:
94 error     node installArchSpecificPackage
94 error You can get their info via:
94 error     npm owner ls node
94 error There is likely additional logging output above.
95 verbose exit [ 1, true ]
96 verbose unbuild node_modules\node
97 info preuninstall node@15.4.0
98 info uninstall node@15.4.0
99 verbose unbuild rmStuff node@15.4.0 from E:\Ririchiyo\node_modules
100 silly gentlyRm E:\Ririchiyo\node_modules\.bin\node.cmd is being gently removed
101 silly gentlyRm verifying E:\Ririchiyo is an npm working directory
102 silly gentlyRm containing path E:\Ririchiyo is under npm's control, in E:\Ririchiyo
103 silly gentlyRm deletion target E:\Ririchiyo\node_modules\.bin\node.cmd is under E:\Ririchiyo
104 verbose gentlyRm vacuuming from E:\Ririchiyo\node_modules\.bin\node.cmd up to E:\Ririchiyo
105 silly gentlyRm E:\Ririchiyo\node_modules\.bin\node is being gently removed
106 silly gentlyRm verifying E:\Ririchiyo is an npm working directory
107 silly gentlyRm containing path E:\Ririchiyo is under npm's control, in E:\Ririchiyo
108 silly gentlyRm deletion target E:\Ririchiyo\node_modules\.bin\node is under E:\Ririchiyo
109 verbose gentlyRm vacuuming from E:\Ririchiyo\node_modules\.bin\node up to E:\Ririchiyo
110 info postuninstall node@15.4.0
111 silly gentlyRm E:\Ririchiyo\node_modules\node is being purged from base E:\Ririchiyo
112 verbose gentlyRm don't care about contents; nuking E:\Ririchiyo\node_modules\node
113 silly vacuum-fs purging E:\Ririchiyo\node_modules\node
114 silly vacuum-fs quitting because other entries in E:\Ririchiyo\node_modules
